{"C:\\Users\\Ratna\\OneDrive\\Documents\\GitHub\\aquaweb\\server\\app.js": {"path":"C:\\Users\\Ratna\\OneDrive\\Documents\\GitHub\\aquaweb\\server\\app.js","statementMap":{"0":{"start":{"line":2,"column":16},"end":{"line":2,"column":34}},"1":{"start":{"line":3,"column":13},"end":{"line":3,"column":28}},"2":{"start":{"line":4,"column":21},"end":{"line":4,"column":45}},"3":{"start":{"line":5,"column":15},"end":{"line":5,"column":32}},"4":{"start":{"line":6,"column":20},"end":{"line":6,"column":42}},"5":{"start":{"line":7,"column":13},"end":{"line":7,"column":28}},"6":{"start":{"line":9,"column":19},"end":{"line":9,"column":49}},"7":{"start":{"line":10,"column":19},"end":{"line":10,"column":49}},"8":{"start":{"line":11,"column":23},"end":{"line":11,"column":57}},"9":{"start":{"line":12,"column":19},"end":{"line":12,"column":49}},"10":{"start":{"line":13,"column":23},"end":{"line":13,"column":57}},"11":{"start":{"line":14,"column":22},"end":{"line":14,"column":55}},"12":{"start":{"line":16,"column":21},"end":{"line":16,"column":57}},"13":{"start":{"line":18,"column":12},"end":{"line":18,"column":21}},"14":{"start":{"line":20,"column":0},"end":{"line":20,"column":16}},"15":{"start":{"line":21,"column":0},"end":{"line":21,"column":23}},"16":{"start":{"line":22,"column":0},"end":{"line":22,"column":24}},"17":{"start":{"line":23,"column":0},"end":{"line":23,"column":49}},"18":{"start":{"line":24,"column":0},"end":{"line":24,"column":24}},"19":{"start":{"line":25,"column":0},"end":{"line":25,"column":56}},"20":{"start":{"line":27,"column":0},"end":{"line":27,"column":33}},"21":{"start":{"line":28,"column":0},"end":{"line":28,"column":34}},"22":{"start":{"line":29,"column":0},"end":{"line":29,"column":42}},"23":{"start":{"line":30,"column":0},"end":{"line":30,"column":34}},"24":{"start":{"line":31,"column":0},"end":{"line":31,"column":42}},"25":{"start":{"line":32,"column":0},"end":{"line":32,"column":39}},"26":{"start":{"line":34,"column":0},"end":{"line":36,"column":3}},"27":{"start":{"line":35,"column":2},"end":{"line":35,"column":37}},"28":{"start":{"line":39,"column":0},"end":{"line":41,"column":3}},"29":{"start":{"line":40,"column":2},"end":{"line":40,"column":25}},"30":{"start":{"line":44,"column":0},"end":{"line":44,"column":22}},"31":{"start":{"line":46,"column":0},"end":{"line":46,"column":21}}},"fnMap":{"0":{"name":"(anonymous_0)","decl":{"start":{"line":34,"column":13},"end":{"line":34,"column":14}},"loc":{"start":{"line":34,"column":27},"end":{"line":36,"column":1}},"line":34},"1":{"name":"(anonymous_1)","decl":{"start":{"line":39,"column":8},"end":{"line":39,"column":9}},"loc":{"start":{"line":39,"column":33},"end":{"line":41,"column":1}},"line":39}},"branchMap":{},"s":{"0":1,"1":1,"2":1,"3":1,"4":1,"5":1,"6":1,"7":1,"8":1,"9":1,"10":1,"11":1,"12":1,"13":1,"14":1,"15":1,"16":1,"17":1,"18":1,"19":1,"20":1,"21":1,"22":1,"23":1,"24":1,"25":1,"26":1,"27":0,"28":1,"29":1,"30":1,"31":1},"f":{"0":0,"1":1},"b":{},"_coverageSchema":"1a1c01bbd47fc00a2c39e90264f33305004495a9","hash":"316ca5f53ac4a3d9430bc5d7336ed8b891b4fac9"}
,"C:\\Users\\Ratna\\OneDrive\\Documents\\GitHub\\aquaweb\\server\\controllers\\authController.js": {"path":"C:\\Users\\Ratna\\OneDrive\\Documents\\GitHub\\aquaweb\\server\\controllers\\authController.js","statementMap":{"0":{"start":{"line":2,"column":12},"end":{"line":2,"column":35}},"1":{"start":{"line":3,"column":15},"end":{"line":3,"column":34}},"2":{"start":{"line":4,"column":13},"end":{"line":4,"column":38}},"3":{"start":{"line":5,"column":22},"end":{"line":5,"column":55}},"4":{"start":{"line":7,"column":0},"end":{"line":29,"column":2}},"5":{"start":{"line":8,"column":42},"end":{"line":8,"column":50}},"6":{"start":{"line":10,"column":2},"end":{"line":12,"column":3}},"7":{"start":{"line":11,"column":4},"end":{"line":11,"column":72}},"8":{"start":{"line":13,"column":2},"end":{"line":28,"column":3}},"9":{"start":{"line":14,"column":23},"end":{"line":14,"column":52}},"10":{"start":{"line":15,"column":4},"end":{"line":15,"column":84}},"11":{"start":{"line":15,"column":20},"end":{"line":15,"column":84}},"12":{"start":{"line":16,"column":27},"end":{"line":16,"column":58}},"13":{"start":{"line":17,"column":17},"end":{"line":17,"column":83}},"14":{"start":{"line":18,"column":4},"end":{"line":24,"column":7}},"15":{"start":{"line":26,"column":4},"end":{"line":26,"column":42}},"16":{"start":{"line":27,"column":4},"end":{"line":27,"column":51}},"17":{"start":{"line":31,"column":0},"end":{"line":50,"column":2}},"18":{"start":{"line":32,"column":30},"end":{"line":32,"column":38}},"19":{"start":{"line":33,"column":2},"end":{"line":49,"column":3}},"20":{"start":{"line":34,"column":17},"end":{"line":34,"column":46}},"21":{"start":{"line":35,"column":4},"end":{"line":35,"column":79}},"22":{"start":{"line":35,"column":15},"end":{"line":35,"column":79}},"23":{"start":{"line":37,"column":20},"end":{"line":37,"column":65}},"24":{"start":{"line":38,"column":4},"end":{"line":38,"column":82}},"25":{"start":{"line":38,"column":18},"end":{"line":38,"column":82}},"26":{"start":{"line":40,"column":4},"end":{"line":46,"column":7}},"27":{"start":{"line":48,"column":4},"end":{"line":48,"column":51}}},"fnMap":{"0":{"name":"(anonymous_0)","decl":{"start":{"line":7,"column":19},"end":{"line":7,"column":20}},"loc":{"start":{"line":7,"column":39},"end":{"line":29,"column":1}},"line":7},"1":{"name":"(anonymous_1)","decl":{"start":{"line":31,"column":16},"end":{"line":31,"column":17}},"loc":{"start":{"line":31,"column":36},"end":{"line":50,"column":1}},"line":31}},"branchMap":{"0":{"loc":{"start":{"line":10,"column":2},"end":{"line":12,"column":3}},"type":"if","locations":[{"start":{"line":10,"column":2},"end":{"line":12,"column":3}},{"start":{},"end":{}}],"line":10},"1":{"loc":{"start":{"line":10,"column":6},"end":{"line":10,"column":43}},"type":"binary-expr","locations":[{"start":{"line":10,"column":6},"end":{"line":10,"column":11}},{"start":{"line":10,"column":15},"end":{"line":10,"column":21}},{"start":{"line":10,"column":25},"end":{"line":10,"column":34}},{"start":{"line":10,"column":38},"end":{"line":10,"column":43}}],"line":10},"2":{"loc":{"start":{"line":15,"column":4},"end":{"line":15,"column":84}},"type":"if","locations":[{"start":{"line":15,"column":4},"end":{"line":15,"column":84}},{"start":{},"end":{}}],"line":15},"3":{"loc":{"start":{"line":35,"column":4},"end":{"line":35,"column":79}},"type":"if","locations":[{"start":{"line":35,"column":4},"end":{"line":35,"column":79}},{"start":{},"end":{}}],"line":35},"4":{"loc":{"start":{"line":38,"column":4},"end":{"line":38,"column":82}},"type":"if","locations":[{"start":{"line":38,"column":4},"end":{"line":38,"column":82}},{"start":{},"end":{}}],"line":38}},"s":{"0":1,"1":1,"2":1,"3":1,"4":1,"5":2,"6":2,"7":1,"8":1,"9":1,"10":1,"11":1,"12":0,"13":0,"14":0,"15":0,"16":0,"17":1,"18":2,"19":2,"20":2,"21":2,"22":0,"23":2,"24":2,"25":1,"26":1,"27":0},"f":{"0":2,"1":2},"b":{"0":[1,1],"1":[2,1,1,1],"2":[1,0],"3":[0,2],"4":[1,1]},"_coverageSchema":"1a1c01bbd47fc00a2c39e90264f33305004495a9","hash":"57cc16be543b2fc5d7223e245137d87bdf17ffd4"}
,"C:\\Users\\Ratna\\OneDrive\\Documents\\GitHub\\aquaweb\\server\\controllers\\incidentController.js": {"path":"C:\\Users\\Ratna\\OneDrive\\Documents\\GitHub\\aquaweb\\server\\controllers\\incidentController.js","statementMap":{"0":{"start":{"line":2,"column":17},"end":{"line":2,"column":46}},"1":{"start":{"line":3,"column":0},"end":{"line":14,"column":2}},"2":{"start":{"line":4,"column":42},"end":{"line":4,"column":50}},"3":{"start":{"line":5,"column":2},"end":{"line":7,"column":3}},"4":{"start":{"line":6,"column":4},"end":{"line":6,"column":72}},"5":{"start":{"line":8,"column":2},"end":{"line":13,"column":3}},"6":{"start":{"line":9,"column":21},"end":{"line":9,"column":83}},"7":{"start":{"line":10,"column":4},"end":{"line":10,"column":35}},"8":{"start":{"line":12,"column":4},"end":{"line":12,"column":51}}},"fnMap":{"0":{"name":"(anonymous_0)","decl":{"start":{"line":3,"column":25},"end":{"line":3,"column":26}},"loc":{"start":{"line":3,"column":45},"end":{"line":14,"column":1}},"line":3}},"branchMap":{"0":{"loc":{"start":{"line":5,"column":2},"end":{"line":7,"column":3}},"type":"if","locations":[{"start":{"line":5,"column":2},"end":{"line":7,"column":3}},{"start":{},"end":{}}],"line":5},"1":{"loc":{"start":{"line":5,"column":6},"end":{"line":5,"column":40}},"type":"binary-expr","locations":[{"start":{"line":5,"column":6},"end":{"line":5,"column":11}},{"start":{"line":5,"column":15},"end":{"line":5,"column":27}},{"start":{"line":5,"column":31},"end":{"line":5,"column":40}}],"line":5}},"s":{"0":1,"1":1,"2":2,"3":2,"4":1,"5":1,"6":1,"7":1,"8":0},"f":{"0":2},"b":{"0":[1,1],"1":[2,1,1]},"_coverageSchema":"1a1c01bbd47fc00a2c39e90264f33305004495a9","hash":"bef76f3ddcb9fbcef42a606eb37b5f5919a45ee6"}
,"C:\\Users\\Ratna\\OneDrive\\Documents\\GitHub\\aquaweb\\server\\controllers\\sightingController.js": {"path":"C:\\Users\\Ratna\\OneDrive\\Documents\\GitHub\\aquaweb\\server\\controllers\\sightingController.js","statementMap":{"0":{"start":{"line":2,"column":17},"end":{"line":2,"column":46}},"1":{"start":{"line":3,"column":0},"end":{"line":14,"column":2}},"2":{"start":{"line":4,"column":59},"end":{"line":4,"column":67}},"3":{"start":{"line":5,"column":2},"end":{"line":7,"column":3}},"4":{"start":{"line":6,"column":4},"end":{"line":6,"column":72}},"5":{"start":{"line":8,"column":2},"end":{"line":13,"column":3}},"6":{"start":{"line":9,"column":21},"end":{"line":9,"column":83}},"7":{"start":{"line":10,"column":4},"end":{"line":10,"column":35}},"8":{"start":{"line":12,"column":4},"end":{"line":12,"column":51}},"9":{"start":{"line":15,"column":0},"end":{"line":22,"column":2}},"10":{"start":{"line":16,"column":2},"end":{"line":21,"column":3}},"11":{"start":{"line":17,"column":22},"end":{"line":17,"column":72}},"12":{"start":{"line":18,"column":4},"end":{"line":18,"column":24}},"13":{"start":{"line":20,"column":4},"end":{"line":20,"column":51}}},"fnMap":{"0":{"name":"(anonymous_0)","decl":{"start":{"line":3,"column":25},"end":{"line":3,"column":26}},"loc":{"start":{"line":3,"column":45},"end":{"line":14,"column":1}},"line":3},"1":{"name":"(anonymous_1)","decl":{"start":{"line":15,"column":26},"end":{"line":15,"column":27}},"loc":{"start":{"line":15,"column":46},"end":{"line":22,"column":1}},"line":15}},"branchMap":{"0":{"loc":{"start":{"line":5,"column":2},"end":{"line":7,"column":3}},"type":"if","locations":[{"start":{"line":5,"column":2},"end":{"line":7,"column":3}},{"start":{},"end":{}}],"line":5},"1":{"loc":{"start":{"line":5,"column":6},"end":{"line":5,"column":50}},"type":"binary-expr","locations":[{"start":{"line":5,"column":6},"end":{"line":5,"column":14}},{"start":{"line":5,"column":18},"end":{"line":5,"column":24}},{"start":{"line":5,"column":28},"end":{"line":5,"column":37}},{"start":{"line":5,"column":41},"end":{"line":5,"column":50}}],"line":5}},"s":{"0":1,"1":1,"2":2,"3":2,"4":1,"5":1,"6":1,"7":1,"8":0,"9":1,"10":1,"11":1,"12":1,"13":0},"f":{"0":2,"1":1},"b":{"0":[1,1],"1":[2,1,1,1]},"_coverageSchema":"1a1c01bbd47fc00a2c39e90264f33305004495a9","hash":"f7bdc13372a46f84060bcea12d0b3a63016f8d8d"}
,"C:\\Users\\Ratna\\OneDrive\\Documents\\GitHub\\aquaweb\\server\\controllers\\speciesController.js": {"path":"C:\\Users\\Ratna\\OneDrive\\Documents\\GitHub\\aquaweb\\server\\controllers\\speciesController.js","statementMap":{"0":{"start":{"line":2,"column":16},"end":{"line":2,"column":44}},"1":{"start":{"line":3,"column":0},"end":{"line":10,"column":2}},"2":{"start":{"line":4,"column":2},"end":{"line":9,"column":3}},"3":{"start":{"line":5,"column":20},"end":{"line":5,"column":40}},"4":{"start":{"line":6,"column":4},"end":{"line":6,"column":22}},"5":{"start":{"line":8,"column":4},"end":{"line":8,"column":51}}},"fnMap":{"0":{"name":"(anonymous_0)","decl":{"start":{"line":3,"column":24},"end":{"line":3,"column":25}},"loc":{"start":{"line":3,"column":44},"end":{"line":10,"column":1}},"line":3}},"branchMap":{},"s":{"0":1,"1":1,"2":1,"3":1,"4":1,"5":0},"f":{"0":1},"b":{},"_coverageSchema":"1a1c01bbd47fc00a2c39e90264f33305004495a9","hash":"5ee459e203c2b36e107f54a751f4c68d57c36ad3"}
,"C:\\Users\\Ratna\\OneDrive\\Documents\\GitHub\\aquaweb\\server\\controllers\\tripController.js": {"path":"C:\\Users\\Ratna\\OneDrive\\Documents\\GitHub\\aquaweb\\server\\controllers\\tripController.js","statementMap":{"0":{"start":{"line":2,"column":13},"end":{"line":2,"column":38}},"1":{"start":{"line":3,"column":0},"end":{"line":10,"column":2}},"2":{"start":{"line":4,"column":2},"end":{"line":9,"column":3}},"3":{"start":{"line":5,"column":17},"end":{"line":5,"column":81}},"4":{"start":{"line":6,"column":4},"end":{"line":6,"column":31}},"5":{"start":{"line":8,"column":4},"end":{"line":8,"column":51}},"6":{"start":{"line":11,"column":0},"end":{"line":18,"column":2}},"7":{"start":{"line":12,"column":2},"end":{"line":17,"column":3}},"8":{"start":{"line":13,"column":17},"end":{"line":13,"column":100}},"9":{"start":{"line":14,"column":4},"end":{"line":14,"column":19}},"10":{"start":{"line":16,"column":4},"end":{"line":16,"column":51}}},"fnMap":{"0":{"name":"(anonymous_0)","decl":{"start":{"line":3,"column":20},"end":{"line":3,"column":21}},"loc":{"start":{"line":3,"column":40},"end":{"line":10,"column":1}},"line":3},"1":{"name":"(anonymous_1)","decl":{"start":{"line":11,"column":18},"end":{"line":11,"column":19}},"loc":{"start":{"line":11,"column":38},"end":{"line":18,"column":1}},"line":11}},"branchMap":{},"s":{"0":1,"1":1,"2":1,"3":1,"4":1,"5":0,"6":1,"7":2,"8":2,"9":1,"10":1},"f":{"0":1,"1":2},"b":{},"_coverageSchema":"1a1c01bbd47fc00a2c39e90264f33305004495a9","hash":"0773c0cd0c1ce434c604ccf5ff02d295bab89c62"}
,"C:\\Users\\Ratna\\OneDrive\\Documents\\GitHub\\aquaweb\\server\\controllers\\userController.js": {"path":"C:\\Users\\Ratna\\OneDrive\\Documents\\GitHub\\aquaweb\\server\\controllers\\userController.js","statementMap":{"0":{"start":{"line":2,"column":0},"end":{"line":4,"column":2}},"1":{"start":{"line":3,"column":2},"end":{"line":3,"column":21}}},"fnMap":{"0":{"name":"(anonymous_0)","decl":{"start":{"line":2,"column":21},"end":{"line":2,"column":22}},"loc":{"start":{"line":2,"column":35},"end":{"line":4,"column":1}},"line":2}},"branchMap":{},"s":{"0":1,"1":1},"f":{"0":1},"b":{},"_coverageSchema":"1a1c01bbd47fc00a2c39e90264f33305004495a9","hash":"bbe70e2588f37cc6f753c8f407d8ed392a188859"}
,"C:\\Users\\Ratna\\OneDrive\\Documents\\GitHub\\aquaweb\\server\\middleware\\auth.js": {"path":"C:\\Users\\Ratna\\OneDrive\\Documents\\GitHub\\aquaweb\\server\\middleware\\auth.js","statementMap":{"0":{"start":{"line":2,"column":12},"end":{"line":2,"column":35}},"1":{"start":{"line":3,"column":13},"end":{"line":3,"column":38}},"2":{"start":{"line":5,"column":16},"end":{"line":16,"column":1}},"3":{"start":{"line":6,"column":14},"end":{"line":6,"column":54}},"4":{"start":{"line":7,"column":2},"end":{"line":7,"column":73}},"5":{"start":{"line":7,"column":14},"end":{"line":7,"column":73}},"6":{"start":{"line":9,"column":2},"end":{"line":15,"column":3}},"7":{"start":{"line":10,"column":20},"end":{"line":10,"column":61}},"8":{"start":{"line":11,"column":4},"end":{"line":11,"column":67}},"9":{"start":{"line":12,"column":4},"end":{"line":12,"column":11}},"10":{"start":{"line":14,"column":4},"end":{"line":14,"column":54}},"11":{"start":{"line":18,"column":0},"end":{"line":18,"column":25}}},"fnMap":{"0":{"name":"(anonymous_0)","decl":{"start":{"line":5,"column":16},"end":{"line":5,"column":17}},"loc":{"start":{"line":5,"column":42},"end":{"line":16,"column":1}},"line":5}},"branchMap":{"0":{"loc":{"start":{"line":7,"column":2},"end":{"line":7,"column":73}},"type":"if","locations":[{"start":{"line":7,"column":2},"end":{"line":7,"column":73}},{"start":{},"end":{}}],"line":7}},"s":{"0":1,"1":1,"2":1,"3":10,"4":10,"5":1,"6":9,"7":9,"8":8,"9":8,"10":1,"11":1},"f":{"0":10},"b":{"0":[1,9]},"_coverageSchema":"1a1c01bbd47fc00a2c39e90264f33305004495a9","hash":"73bc1b703e42790942bb3fc7de0560f2634d4bab"}
,"C:\\Users\\Ratna\\OneDrive\\Documents\\GitHub\\aquaweb\\server\\middleware\\errorHandler.js": {"path":"C:\\Users\\Ratna\\OneDrive\\Documents\\GitHub\\aquaweb\\server\\middleware\\errorHandler.js","statementMap":{"0":{"start":{"line":2,"column":21},"end":{"line":5,"column":1}},"1":{"start":{"line":3,"column":2},"end":{"line":3,"column":27}},"2":{"start":{"line":4,"column":2},"end":{"line":4,"column":63}},"3":{"start":{"line":7,"column":0},"end":{"line":7,"column":30}}},"fnMap":{"0":{"name":"(anonymous_0)","decl":{"start":{"line":2,"column":21},"end":{"line":2,"column":22}},"loc":{"start":{"line":2,"column":46},"end":{"line":5,"column":1}},"line":2}},"branchMap":{"0":{"loc":{"start":{"line":4,"column":13},"end":{"line":4,"column":30}},"type":"binary-expr","locations":[{"start":{"line":4,"column":13},"end":{"line":4,"column":23}},{"start":{"line":4,"column":27},"end":{"line":4,"column":30}}],"line":4}},"s":{"0":1,"1":1,"2":1,"3":1},"f":{"0":1},"b":{"0":[1,0]},"_coverageSchema":"1a1c01bbd47fc00a2c39e90264f33305004495a9","hash":"3663418bc880486e4cbeb5c17a8c1f59880c294e"}
,"C:\\Users\\Ratna\\OneDrive\\Documents\\GitHub\\aquaweb\\server\\models\\Incident.js": {"path":"C:\\Users\\Ratna\\OneDrive\\Documents\\GitHub\\aquaweb\\server\\models\\Incident.js","statementMap":{"0":{"start":{"line":2,"column":17},"end":{"line":2,"column":36}},"1":{"start":{"line":3,"column":23},"end":{"line":13,"column":2}},"2":{"start":{"line":14,"column":0},"end":{"line":14,"column":60}}},"fnMap":{},"branchMap":{},"s":{"0":1,"1":1,"2":1},"f":{},"b":{},"_coverageSchema":"1a1c01bbd47fc00a2c39e90264f33305004495a9","hash":"2051dd89c829b3af386d5acfe59cb5b097a2b3fe"}
,"C:\\Users\\Ratna\\OneDrive\\Documents\\GitHub\\aquaweb\\server\\models\\Sighting.js": {"path":"C:\\Users\\Ratna\\OneDrive\\Documents\\GitHub\\aquaweb\\server\\models\\Sighting.js","statementMap":{"0":{"start":{"line":2,"column":17},"end":{"line":2,"column":36}},"1":{"start":{"line":3,"column":23},"end":{"line":15,"column":2}},"2":{"start":{"line":16,"column":0},"end":{"line":16,"column":60}}},"fnMap":{},"branchMap":{},"s":{"0":1,"1":1,"2":1},"f":{},"b":{},"_coverageSchema":"1a1c01bbd47fc00a2c39e90264f33305004495a9","hash":"8a2dcfa807b461e4dc2cb08d48917b88f32bdaed"}
,"C:\\Users\\Ratna\\OneDrive\\Documents\\GitHub\\aquaweb\\server\\models\\Species.js": {"path":"C:\\Users\\Ratna\\OneDrive\\Documents\\GitHub\\aquaweb\\server\\models\\Species.js","statementMap":{"0":{"start":{"line":2,"column":17},"end":{"line":2,"column":36}},"1":{"start":{"line":3,"column":22},"end":{"line":9,"column":2}},"2":{"start":{"line":10,"column":0},"end":{"line":10,"column":58}}},"fnMap":{},"branchMap":{},"s":{"0":1,"1":1,"2":1},"f":{},"b":{},"_coverageSchema":"1a1c01bbd47fc00a2c39e90264f33305004495a9","hash":"5f0310edf9afa713c4297e6523b2f677b1be31ca"}
,"C:\\Users\\Ratna\\OneDrive\\Documents\\GitHub\\aquaweb\\server\\models\\Trip.js": {"path":"C:\\Users\\Ratna\\OneDrive\\Documents\\GitHub\\aquaweb\\server\\models\\Trip.js","statementMap":{"0":{"start":{"line":2,"column":17},"end":{"line":2,"column":36}},"1":{"start":{"line":3,"column":19},"end":{"line":10,"column":2}},"2":{"start":{"line":11,"column":0},"end":{"line":11,"column":52}}},"fnMap":{},"branchMap":{},"s":{"0":1,"1":1,"2":1},"f":{},"b":{},"_coverageSchema":"1a1c01bbd47fc00a2c39e90264f33305004495a9","hash":"afe8d1588874a79ad3fd2455fdede570d80152a1"}
,"C:\\Users\\Ratna\\OneDrive\\Documents\\GitHub\\aquaweb\\server\\models\\User.js": {"path":"C:\\Users\\Ratna\\OneDrive\\Documents\\GitHub\\aquaweb\\server\\models\\User.js","statementMap":{"0":{"start":{"line":3,"column":17},"end":{"line":3,"column":36}},"1":{"start":{"line":4,"column":19},"end":{"line":10,"column":2}},"2":{"start":{"line":11,"column":0},"end":{"line":11,"column":52}}},"fnMap":{},"branchMap":{},"s":{"0":1,"1":1,"2":1},"f":{},"b":{},"_coverageSchema":"1a1c01bbd47fc00a2c39e90264f33305004495a9","hash":"60959396a5339079a80fd8db19b10508df628453"}
,"C:\\Users\\Ratna\\OneDrive\\Documents\\GitHub\\aquaweb\\server\\routes\\authRoutes.js": {"path":"C:\\Users\\Ratna\\OneDrive\\Documents\\GitHub\\aquaweb\\server\\routes\\authRoutes.js","statementMap":{"0":{"start":{"line":2,"column":16},"end":{"line":2,"column":34}},"1":{"start":{"line":3,"column":15},"end":{"line":3,"column":31}},"2":{"start":{"line":4,"column":28},"end":{"line":4,"column":68}},"3":{"start":{"line":6,"column":0},"end":{"line":6,"column":35}},"4":{"start":{"line":7,"column":0},"end":{"line":7,"column":29}},"5":{"start":{"line":9,"column":0},"end":{"line":9,"column":24}}},"fnMap":{},"branchMap":{},"s":{"0":1,"1":1,"2":1,"3":1,"4":1,"5":1},"f":{},"b":{},"_coverageSchema":"1a1c01bbd47fc00a2c39e90264f33305004495a9","hash":"f3bb71dd28abf74564d55cac1d352487917ab7ef"}
,"C:\\Users\\Ratna\\OneDrive\\Documents\\GitHub\\aquaweb\\server\\routes\\incidentRoutes.js": {"path":"C:\\Users\\Ratna\\OneDrive\\Documents\\GitHub\\aquaweb\\server\\routes\\incidentRoutes.js","statementMap":{"0":{"start":{"line":2,"column":16},"end":{"line":2,"column":34}},"1":{"start":{"line":3,"column":15},"end":{"line":3,"column":31}},"2":{"start":{"line":4,"column":27},"end":{"line":4,"column":71}},"3":{"start":{"line":5,"column":16},"end":{"line":5,"column":45}},"4":{"start":{"line":7,"column":0},"end":{"line":7,"column":42}},"5":{"start":{"line":9,"column":0},"end":{"line":9,"column":24}}},"fnMap":{},"branchMap":{},"s":{"0":1,"1":1,"2":1,"3":1,"4":1,"5":1},"f":{},"b":{},"_coverageSchema":"1a1c01bbd47fc00a2c39e90264f33305004495a9","hash":"9e92603bc3289c9beec6995aa7847cc43bd93be9"}
,"C:\\Users\\Ratna\\OneDrive\\Documents\\GitHub\\aquaweb\\server\\routes\\sightingRoutes.js": {"path":"C:\\Users\\Ratna\\OneDrive\\Documents\\GitHub\\aquaweb\\server\\routes\\sightingRoutes.js","statementMap":{"0":{"start":{"line":2,"column":16},"end":{"line":2,"column":34}},"1":{"start":{"line":3,"column":15},"end":{"line":3,"column":31}},"2":{"start":{"line":4,"column":44},"end":{"line":4,"column":88}},"3":{"start":{"line":5,"column":16},"end":{"line":5,"column":45}},"4":{"start":{"line":7,"column":0},"end":{"line":7,"column":69}},"5":{"start":{"line":9,"column":0},"end":{"line":9,"column":24}}},"fnMap":{},"branchMap":{},"s":{"0":1,"1":1,"2":1,"3":1,"4":1,"5":1},"f":{},"b":{},"_coverageSchema":"1a1c01bbd47fc00a2c39e90264f33305004495a9","hash":"cf2ab59d8111b9d420ae4aca6a8cb94d7479fe22"}
,"C:\\Users\\Ratna\\OneDrive\\Documents\\GitHub\\aquaweb\\server\\routes\\speciesRoutes.js": {"path":"C:\\Users\\Ratna\\OneDrive\\Documents\\GitHub\\aquaweb\\server\\routes\\speciesRoutes.js","statementMap":{"0":{"start":{"line":2,"column":16},"end":{"line":2,"column":34}},"1":{"start":{"line":3,"column":15},"end":{"line":3,"column":31}},"2":{"start":{"line":4,"column":26},"end":{"line":4,"column":69}},"3":{"start":{"line":6,"column":0},"end":{"line":6,"column":31}},"4":{"start":{"line":8,"column":0},"end":{"line":8,"column":24}}},"fnMap":{},"branchMap":{},"s":{"0":1,"1":1,"2":1,"3":1,"4":1},"f":{},"b":{},"_coverageSchema":"1a1c01bbd47fc00a2c39e90264f33305004495a9","hash":"f182ce0f0cd53e35e71e30ebaf2c77ab93a04bfb"}
,"C:\\Users\\Ratna\\OneDrive\\Documents\\GitHub\\aquaweb\\server\\routes\\tripRoutes.js": {"path":"C:\\Users\\Ratna\\OneDrive\\Documents\\GitHub\\aquaweb\\server\\routes\\tripRoutes.js","statementMap":{"0":{"start":{"line":2,"column":16},"end":{"line":2,"column":34}},"1":{"start":{"line":3,"column":15},"end":{"line":3,"column":31}},"2":{"start":{"line":4,"column":31},"end":{"line":4,"column":71}},"3":{"start":{"line":5,"column":16},"end":{"line":5,"column":45}},"4":{"start":{"line":7,"column":0},"end":{"line":7,"column":42}},"5":{"start":{"line":8,"column":0},"end":{"line":8,"column":41}},"6":{"start":{"line":10,"column":0},"end":{"line":10,"column":24}}},"fnMap":{},"branchMap":{},"s":{"0":1,"1":1,"2":1,"3":1,"4":1,"5":1,"6":1},"f":{},"b":{},"_coverageSchema":"1a1c01bbd47fc00a2c39e90264f33305004495a9","hash":"dd59618c387d4816a4c5e924ff0cea01aa24ecaa"}
,"C:\\Users\\Ratna\\OneDrive\\Documents\\GitHub\\aquaweb\\server\\routes\\userRoutes.js": {"path":"C:\\Users\\Ratna\\OneDrive\\Documents\\GitHub\\aquaweb\\server\\routes\\userRoutes.js","statementMap":{"0":{"start":{"line":2,"column":16},"end":{"line":2,"column":34}},"1":{"start":{"line":3,"column":15},"end":{"line":3,"column":31}},"2":{"start":{"line":4,"column":23},"end":{"line":4,"column":63}},"3":{"start":{"line":5,"column":16},"end":{"line":5,"column":45}},"4":{"start":{"line":7,"column":0},"end":{"line":7,"column":39}},"5":{"start":{"line":9,"column":0},"end":{"line":9,"column":24}}},"fnMap":{},"branchMap":{},"s":{"0":1,"1":1,"2":1,"3":1,"4":1,"5":1},"f":{},"b":{},"_coverageSchema":"1a1c01bbd47fc00a2c39e90264f33305004495a9","hash":"1db16929ca0c7d8a0ff15da92b3dae556683bf56"}
,"C:\\Users\\Ratna\\OneDrive\\Documents\\GitHub\\aquaweb\\server\\utils\\generateToken.js": {"path":"C:\\Users\\Ratna\\OneDrive\\Documents\\GitHub\\aquaweb\\server\\utils\\generateToken.js","statementMap":{"0":{"start":{"line":2,"column":12},"end":{"line":2,"column":35}},"1":{"start":{"line":3,"column":22},"end":{"line":5,"column":1}},"2":{"start":{"line":4,"column":2},"end":{"line":4,"column":72}},"3":{"start":{"line":6,"column":0},"end":{"line":6,"column":31}}},"fnMap":{"0":{"name":"(anonymous_0)","decl":{"start":{"line":3,"column":22},"end":{"line":3,"column":23}},"loc":{"start":{"line":3,"column":30},"end":{"line":5,"column":1}},"line":3}},"branchMap":{},"s":{"0":1,"1":1,"2":1,"3":1},"f":{"0":1},"b":{},"_coverageSchema":"1a1c01bbd47fc00a2c39e90264f33305004495a9","hash":"064bc0fc09816d87735ab7173063647e63b812e9"}
}
